 [LOGGER] 2024-04-06 12:21:36.980 PM error : uncaughtException: Cannot read properties of undefined (reading 'file')
TypeError: Cannot read properties of undefined (reading 'file')
    at createProduct (file:///C:/youtube/livesearch/backend/src/controllers/product.controller.js:123:39)
    at Layer.handle [as handle_request] (C:\youtube\livesearch\backend\node_modules\express\lib\router\layer.js:95:5)
    at next (C:\youtube\livesearch\backend\node_modules\express\lib\router\route.js:144:13)
    at autenticate (file:///C:/youtube/livesearch/backend/src/controllers/error.controller.js:25:5)
    at Layer.handle [as handle_request] (C:\youtube\livesearch\backend\node_modules\express\lib\router\layer.js:95:5)
    at next (C:\youtube\livesearch\backend\node_modules\express\lib\router\route.js:144:13)
    at Route.dispatch (C:\youtube\livesearch\backend\node_modules\express\lib\router\route.js:114:3)
    at Layer.handle [as handle_request] (C:\youtube\livesearch\backend\node_modules\express\lib\router\layer.js:95:5)
    at C:\youtube\livesearch\backend\node_modules\express\lib\router\index.js:284:15
    at Function.process_params (C:\youtube\livesearch\backend\node_modules\express\lib\router\index.js:346:12)
    at next (C:\youtube\livesearch\backend\node_modules\express\lib\router\index.js:280:10)
    at Function.handle (C:\youtube\livesearch\backend\node_modules\express\lib\router\index.js:175:3)
    at router (C:\youtube\livesearch\backend\node_modules\express\lib\router\index.js:47:12)
    at Layer.handle [as handle_request] (C:\youtube\livesearch\backend\node_modules\express\lib\router\layer.js:95:5)
    at trim_prefix (C:\youtube\livesearch\backend\node_modules\express\lib\router\index.js:328:13)
    at C:\youtube\livesearch\backend\node_modules\express\lib\router\index.js:286:9
 [LOGGER] 2024-04-06 12:23:36.550 PM error : uncaughtException: Cannot read properties of undefined (reading 'file')
TypeError: Cannot read properties of undefined (reading 'file')
    at createProduct (file:///C:/youtube/livesearch/backend/src/controllers/product.controller.js:123:39)
    at Layer.handle [as handle_request] (C:\youtube\livesearch\backend\node_modules\express\lib\router\layer.js:95:5)
    at next (C:\youtube\livesearch\backend\node_modules\express\lib\router\route.js:144:13)
    at autenticate (file:///C:/youtube/livesearch/backend/src/controllers/error.controller.js:25:5)
    at Layer.handle [as handle_request] (C:\youtube\livesearch\backend\node_modules\express\lib\router\layer.js:95:5)
    at next (C:\youtube\livesearch\backend\node_modules\express\lib\router\route.js:144:13)
    at Route.dispatch (C:\youtube\livesearch\backend\node_modules\express\lib\router\route.js:114:3)
    at Layer.handle [as handle_request] (C:\youtube\livesearch\backend\node_modules\express\lib\router\layer.js:95:5)
    at C:\youtube\livesearch\backend\node_modules\express\lib\router\index.js:284:15
    at Function.process_params (C:\youtube\livesearch\backend\node_modules\express\lib\router\index.js:346:12)
    at next (C:\youtube\livesearch\backend\node_modules\express\lib\router\index.js:280:10)
    at Function.handle (C:\youtube\livesearch\backend\node_modules\express\lib\router\index.js:175:3)
    at router (C:\youtube\livesearch\backend\node_modules\express\lib\router\index.js:47:12)
    at Layer.handle [as handle_request] (C:\youtube\livesearch\backend\node_modules\express\lib\router\layer.js:95:5)
    at trim_prefix (C:\youtube\livesearch\backend\node_modules\express\lib\router\index.js:328:13)
    at C:\youtube\livesearch\backend\node_modules\express\lib\router\index.js:286:9
